[1.029s] Invoking command in '/home/rida/fakescience/build/arm_control': CMAKE_PREFIX_PATH=${CMAKE_PREFIX_PATH}:/home/rida/asimov_ws/install/rover_dashboard:/home/rida/asimov_ws/install/drive_bringup:/home/rida/asimov_ws/install/phidgets_hardware:/home/rida/asimov_ws/install/drive_description:/home/rida/asimov_ws/install/drive_control:/home/rida/asimov_ws Rida Test/install/rover_dashboard:/home/rida/asimov_ws Rida Test/install/drive_bringup:/home/rida/asimov_ws Rida Test/install/drive_control:/home/rida/ros2control/install/rqt_controller_manager:/home/rida/ros2control/install/ros2controlcli:/opt/ros/humble /usr/bin/cmake /home/rida/fakescience/src/tasc_arm/src/arm_control -DCMAKE_INSTALL_PREFIX=/home/rida/fakescience/install/arm_control
[1.266s] -- The C compiler identification is GNU 11.4.0
[1.571s] -- The CXX compiler identification is GNU 11.4.0
[1.605s] -- Detecting C compiler ABI info
[1.911s] -- Detecting C compiler ABI info - done
[1.946s] -- Check for working C compiler: /usr/bin/cc - skipped
[1.946s] -- Detecting C compile features
[1.950s] -- Detecting C compile features - done
[1.968s] -- Detecting CXX compiler ABI info
[2.475s] -- Detecting CXX compiler ABI info - done
[2.512s] -- Check for working CXX compiler: /usr/bin/c++ - skipped
[2.513s] -- Detecting CXX compile features
[2.517s] -- Detecting CXX compile features - done
[2.540s] -- Found ament_cmake: 1.3.12 (/opt/ros/humble/share/ament_cmake/cmake)
[3.160s] -- Found Python3: /usr/bin/python3 (found version "3.10.12") found components: Interpreter 
[3.835s] -- Found rclcpp: 16.0.14 (/opt/ros/humble/share/rclcpp/cmake)
[4.162s] -- Found rosidl_generator_c: 3.1.7 (/opt/ros/humble/share/rosidl_generator_c/cmake)
[4.216s] -- Found rosidl_adapter: 3.1.7 (/opt/ros/humble/share/rosidl_adapter/cmake)
[4.279s] -- Found rosidl_generator_cpp: 3.1.7 (/opt/ros/humble/share/rosidl_generator_cpp/cmake)
[4.373s] -- Using all available rosidl_typesupport_c: rosidl_typesupport_fastrtps_c;rosidl_typesupport_introspection_c
[4.470s] -- Using all available rosidl_typesupport_cpp: rosidl_typesupport_fastrtps_cpp;rosidl_typesupport_introspection_cpp
[4.807s] -- Found rmw_implementation_cmake: 6.1.2 (/opt/ros/humble/share/rmw_implementation_cmake/cmake)
[4.836s] -- Found rmw_fastrtps_cpp: 6.2.8 (/opt/ros/humble/share/rmw_fastrtps_cpp/cmake)
[5.358s] -- Found OpenSSL: /usr/lib/x86_64-linux-gnu/libcrypto.so (found version "3.0.2")  
[5.483s] -- Found FastRTPS: /opt/ros/humble/include  
[5.653s] -- Using RMW implementation 'rmw_fastrtps_cpp' as default
[5.751s] -- Looking for pthread.h
[6.039s] -- Looking for pthread.h - found
[6.042s] -- Performing Test CMAKE_HAVE_LIBC_PTHREAD
[6.334s] -- Performing Test CMAKE_HAVE_LIBC_PTHREAD - Success
[6.338s] -- Found Threads: TRUE  
[6.632s] -- Found rclcpp_lifecycle: 16.0.14 (/opt/ros/humble/share/rclcpp_lifecycle/cmake)
[6.743s] -- Found hardware_interface: 2.52.2 (/home/rida/ros2control/install/hardware_interface/share/hardware_interface/cmake)
[7.684s] -- Configuring done
[7.762s] -- Generating done
[7.779s] -- Build files have been written to: /home/rida/fakescience/build/arm_control
[7.811s] Invoked command in '/home/rida/fakescience/build/arm_control' returned '0': CMAKE_PREFIX_PATH=${CMAKE_PREFIX_PATH}:/home/rida/asimov_ws/install/rover_dashboard:/home/rida/asimov_ws/install/drive_bringup:/home/rida/asimov_ws/install/phidgets_hardware:/home/rida/asimov_ws/install/drive_description:/home/rida/asimov_ws/install/drive_control:/home/rida/asimov_ws Rida Test/install/rover_dashboard:/home/rida/asimov_ws Rida Test/install/drive_bringup:/home/rida/asimov_ws Rida Test/install/drive_control:/home/rida/ros2control/install/rqt_controller_manager:/home/rida/ros2control/install/ros2controlcli:/opt/ros/humble /usr/bin/cmake /home/rida/fakescience/src/tasc_arm/src/arm_control -DCMAKE_INSTALL_PREFIX=/home/rida/fakescience/install/arm_control
[7.812s] Invoking command in '/home/rida/fakescience/build/arm_control': CMAKE_PREFIX_PATH=${CMAKE_PREFIX_PATH}:/home/rida/asimov_ws/install/rover_dashboard:/home/rida/asimov_ws/install/drive_bringup:/home/rida/asimov_ws/install/phidgets_hardware:/home/rida/asimov_ws/install/drive_description:/home/rida/asimov_ws/install/drive_control:/home/rida/asimov_ws Rida Test/install/rover_dashboard:/home/rida/asimov_ws Rida Test/install/drive_bringup:/home/rida/asimov_ws Rida Test/install/drive_control:/home/rida/ros2control/install/rqt_controller_manager:/home/rida/ros2control/install/ros2controlcli:/opt/ros/humble /usr/bin/cmake --build /home/rida/fakescience/build/arm_control -- -j3 -l3
[8.025s] [ 50%] [32mBuilding CXX object CMakeFiles/arm_control.dir/src/mini_arm_hardware.cpp.o[0m
[42.236s] [100%] [32m[1mLinking CXX shared library libarm_control.so[0m
[42.895s] [100%] Built target arm_control
[42.937s] Invoked command in '/home/rida/fakescience/build/arm_control' returned '0': CMAKE_PREFIX_PATH=${CMAKE_PREFIX_PATH}:/home/rida/asimov_ws/install/rover_dashboard:/home/rida/asimov_ws/install/drive_bringup:/home/rida/asimov_ws/install/phidgets_hardware:/home/rida/asimov_ws/install/drive_description:/home/rida/asimov_ws/install/drive_control:/home/rida/asimov_ws Rida Test/install/rover_dashboard:/home/rida/asimov_ws Rida Test/install/drive_bringup:/home/rida/asimov_ws Rida Test/install/drive_control:/home/rida/ros2control/install/rqt_controller_manager:/home/rida/ros2control/install/ros2controlcli:/opt/ros/humble /usr/bin/cmake --build /home/rida/fakescience/build/arm_control -- -j3 -l3
[42.943s] Invoking command in '/home/rida/fakescience/build/arm_control': CMAKE_PREFIX_PATH=${CMAKE_PREFIX_PATH}:/home/rida/asimov_ws/install/rover_dashboard:/home/rida/asimov_ws/install/drive_bringup:/home/rida/asimov_ws/install/phidgets_hardware:/home/rida/asimov_ws/install/drive_description:/home/rida/asimov_ws/install/drive_control:/home/rida/asimov_ws Rida Test/install/rover_dashboard:/home/rida/asimov_ws Rida Test/install/drive_bringup:/home/rida/asimov_ws Rida Test/install/drive_control:/home/rida/ros2control/install/rqt_controller_manager:/home/rida/ros2control/install/ros2controlcli:/opt/ros/humble /usr/bin/cmake --install /home/rida/fakescience/build/arm_control
[42.979s] -- Install configuration: ""
[42.979s] -- Installing: /home/rida/fakescience/install/arm_control/share/arm_control/plugin.xml
[42.980s] -- Installing: /home/rida/fakescience/install/arm_control/lib/libarm_control.so
[42.990s] -- Set runtime path of "/home/rida/fakescience/install/arm_control/lib/libarm_control.so" to ""
[42.991s] -- Installing: /home/rida/fakescience/install/arm_control/include
[42.991s] -- Installing: /home/rida/fakescience/install/arm_control/include/arm_control
[42.992s] -- Installing: /home/rida/fakescience/install/arm_control/include/arm_control/mini_arm_hardware.hpp
[42.992s] -- Up-to-date: /home/rida/fakescience/install/arm_control/share/arm_control/plugin.xml
[42.992s] -- Installing: /home/rida/fakescience/install/arm_control/share/arm_control/config
[42.993s] -- Installing: /home/rida/fakescience/install/arm_control/share/arm_control/config/controllers.yaml
[42.994s] -- Installing: /home/rida/fakescience/install/arm_control/lib/arm_control/keyboard_teleop.py
[42.996s] -- Installing: /home/rida/fakescience/install/arm_control/lib/arm_control/keyboard_cartesian_ik_teleop.py
[42.998s] -- Installing: /home/rida/fakescience/install/arm_control/lib/arm_control/ps5_arm_teleop.py
[42.999s] -- Installing: /home/rida/fakescience/install/arm_control/lib/arm_control/ps5_cartesian_ik_teleop.py
[43.002s] -- Installing: /home/rida/fakescience/install/arm_control/lib/arm_control/logitech_joystick_ik.py
[43.003s] -- Installing: /home/rida/fakescience/install/arm_control/lib/arm_control/joint_state_offset.py
[43.005s] -- Installing: /home/rida/fakescience/install/arm_control/share/ament_index/resource_index/package_run_dependencies/arm_control
[43.006s] -- Installing: /home/rida/fakescience/install/arm_control/share/ament_index/resource_index/parent_prefix_path/arm_control
[43.008s] -- Installing: /home/rida/fakescience/install/arm_control/share/arm_control/environment/ament_prefix_path.sh
[43.009s] -- Installing: /home/rida/fakescience/install/arm_control/share/arm_control/environment/ament_prefix_path.dsv
[43.010s] -- Installing: /home/rida/fakescience/install/arm_control/share/arm_control/environment/path.sh
[43.011s] -- Installing: /home/rida/fakescience/install/arm_control/share/arm_control/environment/path.dsv
[43.012s] -- Installing: /home/rida/fakescience/install/arm_control/share/arm_control/local_setup.bash
[43.013s] -- Installing: /home/rida/fakescience/install/arm_control/share/arm_control/local_setup.sh
[43.014s] -- Installing: /home/rida/fakescience/install/arm_control/share/arm_control/local_setup.zsh
[43.016s] -- Installing: /home/rida/fakescience/install/arm_control/share/arm_control/local_setup.dsv
[43.017s] -- Installing: /home/rida/fakescience/install/arm_control/share/arm_control/package.dsv
[43.019s] -- Installing: /home/rida/fakescience/install/arm_control/share/ament_index/resource_index/packages/arm_control
[43.019s] -- Installing: /home/rida/fakescience/install/arm_control/share/ament_index/resource_index/hardware_interface__pluginlib__plugin/arm_control
[43.020s] -- Installing: /home/rida/fakescience/install/arm_control/share/arm_control/cmake/arm_controlConfig.cmake
[43.021s] -- Installing: /home/rida/fakescience/install/arm_control/share/arm_control/cmake/arm_controlConfig-version.cmake
[43.022s] -- Installing: /home/rida/fakescience/install/arm_control/share/arm_control/package.xml
[43.031s] Invoked command in '/home/rida/fakescience/build/arm_control' returned '0': CMAKE_PREFIX_PATH=${CMAKE_PREFIX_PATH}:/home/rida/asimov_ws/install/rover_dashboard:/home/rida/asimov_ws/install/drive_bringup:/home/rida/asimov_ws/install/phidgets_hardware:/home/rida/asimov_ws/install/drive_description:/home/rida/asimov_ws/install/drive_control:/home/rida/asimov_ws Rida Test/install/rover_dashboard:/home/rida/asimov_ws Rida Test/install/drive_bringup:/home/rida/asimov_ws Rida Test/install/drive_control:/home/rida/ros2control/install/rqt_controller_manager:/home/rida/ros2control/install/ros2controlcli:/opt/ros/humble /usr/bin/cmake --install /home/rida/fakescience/build/arm_control
