[3.585s] Invoking command in '/home/rida/fakescience/src/tasc_arm/src/arm_bringup': PYTHONPATH=/home/rida/fakescience/build/arm_bringup/prefix_override:/usr/lib/python3/dist-packages/colcon_core/task/python/colcon_distutils_commands:/home/rida/fakescience/install/arm_bringup/lib/python3.10/site-packages:${PYTHONPATH} /usr/bin/python3 -W ignore:setup.py install is deprecated -W ignore:easy_install command is deprecated setup.py egg_info --egg-base ../../../../build/arm_bringup build --build-base /home/rida/fakescience/build/arm_bringup/build install --record /home/rida/fakescience/build/arm_bringup/install.log --single-version-externally-managed install_data
[4.327s] running egg_info
[4.327s] creating ../../../../build/arm_bringup/arm_bringup.egg-info
[4.327s] writing ../../../../build/arm_bringup/arm_bringup.egg-info/PKG-INFO
[4.327s] writing dependency_links to ../../../../build/arm_bringup/arm_bringup.egg-info/dependency_links.txt
[4.328s] writing entry points to ../../../../build/arm_bringup/arm_bringup.egg-info/entry_points.txt
[4.328s] writing requirements to ../../../../build/arm_bringup/arm_bringup.egg-info/requires.txt
[4.328s] writing top-level names to ../../../../build/arm_bringup/arm_bringup.egg-info/top_level.txt
[4.331s] writing manifest file '../../../../build/arm_bringup/arm_bringup.egg-info/SOURCES.txt'
[4.336s] reading manifest file '../../../../build/arm_bringup/arm_bringup.egg-info/SOURCES.txt'
[4.338s] writing manifest file '../../../../build/arm_bringup/arm_bringup.egg-info/SOURCES.txt'
[4.339s] running build
[4.339s] running build_py
[4.341s] creating /home/rida/fakescience/build/arm_bringup/build
[4.341s] creating /home/rida/fakescience/build/arm_bringup/build/lib
[4.341s] creating /home/rida/fakescience/build/arm_bringup/build/lib/arm_bringup
[4.341s] copying arm_bringup/__init__.py -> /home/rida/fakescience/build/arm_bringup/build/lib/arm_bringup
[4.342s] running install
[4.342s] running install_lib
[4.344s] creating /home/rida/fakescience/install/arm_bringup/lib/python3.10/site-packages/arm_bringup
[4.344s] copying /home/rida/fakescience/build/arm_bringup/build/lib/arm_bringup/__init__.py -> /home/rida/fakescience/install/arm_bringup/lib/python3.10/site-packages/arm_bringup
[4.346s] byte-compiling /home/rida/fakescience/install/arm_bringup/lib/python3.10/site-packages/arm_bringup/__init__.py to __init__.cpython-310.pyc
[4.347s] running install_data
[4.347s] creating /home/rida/fakescience/install/arm_bringup/share/ament_index
[4.348s] creating /home/rida/fakescience/install/arm_bringup/share/ament_index/resource_index
[4.348s] creating /home/rida/fakescience/install/arm_bringup/share/ament_index/resource_index/packages
[4.349s] copying resource/arm_bringup -> /home/rida/fakescience/install/arm_bringup/share/ament_index/resource_index/packages
[4.349s] copying package.xml -> /home/rida/fakescience/install/arm_bringup/share/arm_bringup
[4.349s] creating /home/rida/fakescience/install/arm_bringup/share/arm_bringup/launch
[4.350s] copying launch/bringup.launch.py -> /home/rida/fakescience/install/arm_bringup/share/arm_bringup/launch
[4.352s] running install_egg_info
[4.356s] Copying ../../../../build/arm_bringup/arm_bringup.egg-info to /home/rida/fakescience/install/arm_bringup/lib/python3.10/site-packages/arm_bringup-0.0.0-py3.10.egg-info
[4.361s] running install_scripts
[4.435s] writing list of installed files to '/home/rida/fakescience/build/arm_bringup/install.log'
[4.491s] Invoked command in '/home/rida/fakescience/src/tasc_arm/src/arm_bringup' returned '0': PYTHONPATH=/home/rida/fakescience/build/arm_bringup/prefix_override:/usr/lib/python3/dist-packages/colcon_core/task/python/colcon_distutils_commands:/home/rida/fakescience/install/arm_bringup/lib/python3.10/site-packages:${PYTHONPATH} /usr/bin/python3 -W ignore:setup.py install is deprecated -W ignore:easy_install command is deprecated setup.py egg_info --egg-base ../../../../build/arm_bringup build --build-base /home/rida/fakescience/build/arm_bringup/build install --record /home/rida/fakescience/build/arm_bringup/install.log --single-version-externally-managed install_data
