[0.120s] Invoking command in '/home/rida/fakescience/build/arm_2026': CMAKE_PREFIX_PATH=${CMAKE_PREFIX_PATH}:/home/rida/asimov_ws/install/rover_dashboard:/home/rida/asimov_ws/install/drive_bringup:/home/rida/asimov_ws/install/phidgets_hardware:/home/rida/asimov_ws/install/drive_description:/home/rida/asimov_ws/install/drive_control:/home/rida/asimov_ws Rida Test/install/rover_dashboard:/home/rida/asimov_ws Rida Test/install/drive_bringup:/home/rida/asimov_ws Rida Test/install/drive_control:/home/rida/ros2control/install/rqt_controller_manager:/home/rida/ros2control/install/ros2controlcli:/opt/ros/humble /usr/bin/cmake /home/rida/fakescience/src/tasc_arm/src/arm_2026 -DCMAKE_INSTALL_PREFIX=/home/rida/fakescience/install/arm_2026
[1.116s] -- The C compiler identification is GNU 11.4.0
[1.175s] -- The CXX compiler identification is GNU 11.4.0
[1.248s] -- Detecting C compiler ABI info
[1.606s] -- Detecting C compiler ABI info - done
[1.619s] -- Check for working C compiler: /usr/bin/cc - skipped
[1.622s] -- Detecting C compile features
[1.623s] -- Detecting C compile features - done
[1.639s] -- Detecting CXX compiler ABI info
[2.214s] -- Detecting CXX compiler ABI info - done
[2.279s] -- Check for working CXX compiler: /usr/bin/c++ - skipped
[2.284s] -- Detecting CXX compile features
[2.288s] -- Detecting CXX compile features - done
[2.345s] -- Found ament_cmake: 1.3.12 (/opt/ros/humble/share/ament_cmake/cmake)
[3.385s] -- Found Python3: /usr/bin/python3 (found version "3.10.12") found components: Interpreter 
[3.923s] -- Found rclcpp: 16.0.14 (/opt/ros/humble/share/rclcpp/cmake)
[4.248s] -- Found rosidl_generator_c: 3.1.7 (/opt/ros/humble/share/rosidl_generator_c/cmake)
[4.306s] -- Found rosidl_adapter: 3.1.7 (/opt/ros/humble/share/rosidl_adapter/cmake)
[4.368s] -- Found rosidl_generator_cpp: 3.1.7 (/opt/ros/humble/share/rosidl_generator_cpp/cmake)
[4.462s] -- Using all available rosidl_typesupport_c: rosidl_typesupport_fastrtps_c;rosidl_typesupport_introspection_c
[4.560s] -- Using all available rosidl_typesupport_cpp: rosidl_typesupport_fastrtps_cpp;rosidl_typesupport_introspection_cpp
[4.896s] -- Found rmw_implementation_cmake: 6.1.2 (/opt/ros/humble/share/rmw_implementation_cmake/cmake)
[4.925s] -- Found rmw_fastrtps_cpp: 6.2.8 (/opt/ros/humble/share/rmw_fastrtps_cpp/cmake)
[5.447s] -- Found OpenSSL: /usr/lib/x86_64-linux-gnu/libcrypto.so (found version "3.0.2")  
[5.572s] -- Found FastRTPS: /opt/ros/humble/include  
[5.751s] -- Using RMW implementation 'rmw_fastrtps_cpp' as default
[5.837s] -- Looking for pthread.h
[6.149s] -- Looking for pthread.h - found
[6.149s] -- Performing Test CMAKE_HAVE_LIBC_PTHREAD
[6.435s] -- Performing Test CMAKE_HAVE_LIBC_PTHREAD - Success
[6.435s] -- Found Threads: TRUE  
[6.720s] -- Found rclcpp_lifecycle: 16.0.14 (/opt/ros/humble/share/rclcpp_lifecycle/cmake)
[6.831s] -- Found hardware_interface: 2.52.2 (/home/rida/ros2control/install/hardware_interface/share/hardware_interface/cmake)
[7.522s] -- Found controller_manager: 2.52.2 (/home/rida/ros2control/install/controller_manager/share/controller_manager/cmake)
[7.757s] -- Found robot_state_publisher: 3.0.3 (/opt/ros/humble/share/robot_state_publisher/cmake)
[7.915s] -- Found eigen3_cmake_module: 0.1.1 (/opt/ros/humble/share/eigen3_cmake_module/cmake)
[7.922s] -- Found Eigen3: TRUE (found version "3.4.0") 
[7.923s] -- Ensuring Eigen3 include directory is part of orocos-kdl CMake target
[8.529s] -- Found xacro: 2.1.1 (/opt/ros/humble/share/xacro/cmake)
[8.919s] -- Configuring done
[9.019s] -- Generating done
[9.042s] -- Build files have been written to: /home/rida/fakescience/build/arm_2026
[9.073s] Invoked command in '/home/rida/fakescience/build/arm_2026' returned '0': CMAKE_PREFIX_PATH=${CMAKE_PREFIX_PATH}:/home/rida/asimov_ws/install/rover_dashboard:/home/rida/asimov_ws/install/drive_bringup:/home/rida/asimov_ws/install/phidgets_hardware:/home/rida/asimov_ws/install/drive_description:/home/rida/asimov_ws/install/drive_control:/home/rida/asimov_ws Rida Test/install/rover_dashboard:/home/rida/asimov_ws Rida Test/install/drive_bringup:/home/rida/asimov_ws Rida Test/install/drive_control:/home/rida/ros2control/install/rqt_controller_manager:/home/rida/ros2control/install/ros2controlcli:/opt/ros/humble /usr/bin/cmake /home/rida/fakescience/src/tasc_arm/src/arm_2026 -DCMAKE_INSTALL_PREFIX=/home/rida/fakescience/install/arm_2026
[9.075s] Invoking command in '/home/rida/fakescience/build/arm_2026': CMAKE_PREFIX_PATH=${CMAKE_PREFIX_PATH}:/home/rida/asimov_ws/install/rover_dashboard:/home/rida/asimov_ws/install/drive_bringup:/home/rida/asimov_ws/install/phidgets_hardware:/home/rida/asimov_ws/install/drive_description:/home/rida/asimov_ws/install/drive_control:/home/rida/asimov_ws Rida Test/install/rover_dashboard:/home/rida/asimov_ws Rida Test/install/drive_bringup:/home/rida/asimov_ws Rida Test/install/drive_control:/home/rida/ros2control/install/rqt_controller_manager:/home/rida/ros2control/install/ros2controlcli:/opt/ros/humble /usr/bin/cmake --build /home/rida/fakescience/build/arm_2026 -- -j3 -l3
[9.308s] [ 16%] [32mBuilding CXX object CMakeFiles/arm_2026_joystick_teleop.dir/arm_2026/joystick_teleop.cpp.o[0m
[9.353s] [ 33%] [32mBuilding CXX object CMakeFiles/arm_2026.dir/src/arm_2026_system.cpp.o[0m
[9.385s] [ 50%] [32mBuilding CXX object CMakeFiles/arm_2026_keyboard_teleop.dir/arm_2026/keyboard_teleop.cpp.o[0m
[37.757s] [ 66%] [32m[1mLinking CXX shared library libarm_2026.so[0m
[39.623s] [ 66%] Built target arm_2026
[52.042s] [ 83%] [32m[1mLinking CXX executable arm_2026_keyboard_teleop[0m
[53.148s] [ 83%] Built target arm_2026_keyboard_teleop
[59.715s] [100%] [32m[1mLinking CXX executable arm_2026_joystick_teleop[0m
[61.020s] [100%] Built target arm_2026_joystick_teleop
[61.061s] Invoked command in '/home/rida/fakescience/build/arm_2026' returned '0': CMAKE_PREFIX_PATH=${CMAKE_PREFIX_PATH}:/home/rida/asimov_ws/install/rover_dashboard:/home/rida/asimov_ws/install/drive_bringup:/home/rida/asimov_ws/install/phidgets_hardware:/home/rida/asimov_ws/install/drive_description:/home/rida/asimov_ws/install/drive_control:/home/rida/asimov_ws Rida Test/install/rover_dashboard:/home/rida/asimov_ws Rida Test/install/drive_bringup:/home/rida/asimov_ws Rida Test/install/drive_control:/home/rida/ros2control/install/rqt_controller_manager:/home/rida/ros2control/install/ros2controlcli:/opt/ros/humble /usr/bin/cmake --build /home/rida/fakescience/build/arm_2026 -- -j3 -l3
[61.067s] Invoking command in '/home/rida/fakescience/build/arm_2026': CMAKE_PREFIX_PATH=${CMAKE_PREFIX_PATH}:/home/rida/asimov_ws/install/rover_dashboard:/home/rida/asimov_ws/install/drive_bringup:/home/rida/asimov_ws/install/phidgets_hardware:/home/rida/asimov_ws/install/drive_description:/home/rida/asimov_ws/install/drive_control:/home/rida/asimov_ws Rida Test/install/rover_dashboard:/home/rida/asimov_ws Rida Test/install/drive_bringup:/home/rida/asimov_ws Rida Test/install/drive_control:/home/rida/ros2control/install/rqt_controller_manager:/home/rida/ros2control/install/ros2controlcli:/opt/ros/humble /usr/bin/cmake --install /home/rida/fakescience/build/arm_2026
[61.091s] -- Install configuration: ""
[61.091s] -- Installing: /home/rida/fakescience/install/arm_2026/share/arm_2026/plugin.xml
[61.093s] -- Installing: /home/rida/fakescience/install/arm_2026/include
[61.093s] -- Installing: /home/rida/fakescience/install/arm_2026/include/arm_2026
[61.093s] -- Installing: /home/rida/fakescience/install/arm_2026/include/arm_2026/arm_2026_system.hpp
[61.095s] -- Up-to-date: /home/rida/fakescience/install/arm_2026/share/arm_2026/plugin.xml
[61.095s] -- Installing: /home/rida/fakescience/install/arm_2026/lib/libarm_2026.so
[61.098s] -- Set runtime path of "/home/rida/fakescience/install/arm_2026/lib/libarm_2026.so" to ""
[61.098s] -- Installing: /home/rida/fakescience/install/arm_2026/lib/arm_2026/arm_2026_keyboard_teleop
[61.110s] -- Set runtime path of "/home/rida/fakescience/install/arm_2026/lib/arm_2026/arm_2026_keyboard_teleop" to ""
[61.110s] -- Installing: /home/rida/fakescience/install/arm_2026/lib/arm_2026/arm_2026_joystick_teleop
[61.127s] -- Set runtime path of "/home/rida/fakescience/install/arm_2026/lib/arm_2026/arm_2026_joystick_teleop" to ""
[61.128s] -- Installing: /home/rida/fakescience/install/arm_2026/share/arm_2026/description
[61.129s] -- Installing: /home/rida/fakescience/install/arm_2026/share/arm_2026/description/arm_2026_final.urdf
[61.130s] -- Installing: /home/rida/fakescience/install/arm_2026/share/arm_2026/description/arm_2026.urdf.xacro
[61.132s] -- Installing: /home/rida/fakescience/install/arm_2026/share/arm_2026/config
[61.132s] -- Installing: /home/rida/fakescience/install/arm_2026/share/arm_2026/config/controllers.yaml
[61.134s] -- Installing: /home/rida/fakescience/install/arm_2026/share/arm_2026/launch
[61.135s] -- Installing: /home/rida/fakescience/install/arm_2026/share/arm_2026/launch/bringup.launch.py
[61.136s] -- Installing: /home/rida/fakescience/install/arm_2026/share/arm_2026/launch/view_arm_final.launch.py
[61.137s] -- Installing: /home/rida/fakescience/install/arm_2026/share/arm_2026/meshes
[61.138s] -- Installing: /home/rida/fakescience/install/arm_2026/share/arm_2026/meshes/link_1.STL
[61.142s] -- Installing: /home/rida/fakescience/install/arm_2026/share/arm_2026/meshes/base_link.STL
[61.149s] -- Installing: /home/rida/fakescience/install/arm_2026/share/arm_2026/meshes/end_effector.STL
[61.181s] -- Installing: /home/rida/fakescience/install/arm_2026/share/arm_2026/meshes/link_4.STL
[61.202s] -- Installing: /home/rida/fakescience/install/arm_2026/share/arm_2026/meshes/link_3.STL
[61.225s] -- Installing: /home/rida/fakescience/install/arm_2026/share/arm_2026/meshes/link_2.STL
[61.228s] -- Installing: /home/rida/fakescience/install/arm_2026/share/arm_2026/environment/library_path.sh
[61.229s] -- Installing: /home/rida/fakescience/install/arm_2026/share/arm_2026/environment/library_path.dsv
[61.230s] -- Installing: /home/rida/fakescience/install/arm_2026/share/ament_index/resource_index/package_run_dependencies/arm_2026
[61.230s] -- Installing: /home/rida/fakescience/install/arm_2026/share/ament_index/resource_index/parent_prefix_path/arm_2026
[61.231s] -- Installing: /home/rida/fakescience/install/arm_2026/share/arm_2026/environment/ament_prefix_path.sh
[61.231s] -- Installing: /home/rida/fakescience/install/arm_2026/share/arm_2026/environment/ament_prefix_path.dsv
[61.232s] -- Installing: /home/rida/fakescience/install/arm_2026/share/arm_2026/environment/path.sh
[61.232s] -- Installing: /home/rida/fakescience/install/arm_2026/share/arm_2026/environment/path.dsv
[61.233s] -- Installing: /home/rida/fakescience/install/arm_2026/share/arm_2026/local_setup.bash
[61.234s] -- Installing: /home/rida/fakescience/install/arm_2026/share/arm_2026/local_setup.sh
[61.235s] -- Installing: /home/rida/fakescience/install/arm_2026/share/arm_2026/local_setup.zsh
[61.236s] -- Installing: /home/rida/fakescience/install/arm_2026/share/arm_2026/local_setup.dsv
[61.236s] -- Installing: /home/rida/fakescience/install/arm_2026/share/arm_2026/package.dsv
[61.237s] -- Installing: /home/rida/fakescience/install/arm_2026/share/ament_index/resource_index/packages/arm_2026
[61.239s] -- Installing: /home/rida/fakescience/install/arm_2026/share/ament_index/resource_index/hardware_interface__pluginlib__plugin/arm_2026
[61.240s] -- Installing: /home/rida/fakescience/install/arm_2026/share/arm_2026/cmake/export_arm_2026Export.cmake
[61.241s] -- Installing: /home/rida/fakescience/install/arm_2026/share/arm_2026/cmake/export_arm_2026Export-noconfig.cmake
[61.242s] -- Installing: /home/rida/fakescience/install/arm_2026/share/arm_2026/cmake/ament_cmake_export_targets-extras.cmake
[61.242s] -- Installing: /home/rida/fakescience/install/arm_2026/share/arm_2026/cmake/ament_cmake_export_dependencies-extras.cmake
[61.242s] -- Installing: /home/rida/fakescience/install/arm_2026/share/arm_2026/cmake/arm_2026Config.cmake
[61.243s] -- Installing: /home/rida/fakescience/install/arm_2026/share/arm_2026/cmake/arm_2026Config-version.cmake
[61.244s] -- Installing: /home/rida/fakescience/install/arm_2026/share/arm_2026/package.xml
[61.253s] Invoked command in '/home/rida/fakescience/build/arm_2026' returned '0': CMAKE_PREFIX_PATH=${CMAKE_PREFIX_PATH}:/home/rida/asimov_ws/install/rover_dashboard:/home/rida/asimov_ws/install/drive_bringup:/home/rida/asimov_ws/install/phidgets_hardware:/home/rida/asimov_ws/install/drive_description:/home/rida/asimov_ws/install/drive_control:/home/rida/asimov_ws Rida Test/install/rover_dashboard:/home/rida/asimov_ws Rida Test/install/drive_bringup:/home/rida/asimov_ws Rida Test/install/drive_control:/home/rida/ros2control/install/rqt_controller_manager:/home/rida/ros2control/install/ros2controlcli:/opt/ros/humble /usr/bin/cmake --install /home/rida/fakescience/build/arm_2026
