[0.044s] Invoking command in '/home/rida/fakescience/build/arm_description': CMAKE_PREFIX_PATH=${CMAKE_PREFIX_PATH}:/home/rida/asimov_ws/install/rover_dashboard:/home/rida/asimov_ws/install/drive_bringup:/home/rida/asimov_ws/install/phidgets_hardware:/home/rida/asimov_ws/install/drive_description:/home/rida/asimov_ws/install/drive_control:/home/rida/asimov_ws Rida Test/install/rover_dashboard:/home/rida/asimov_ws Rida Test/install/drive_bringup:/home/rida/asimov_ws Rida Test/install/drive_control:/home/rida/ros2control/install/rqt_controller_manager:/home/rida/ros2control/install/ros2controlcli:/opt/ros/humble /usr/bin/cmake /home/rida/fakescience/src/tasc_arm/src/arm_description -DCMAKE_INSTALL_PREFIX=/home/rida/fakescience/install/arm_description
[0.216s] -- The C compiler identification is GNU 11.4.0
[0.376s] -- The CXX compiler identification is GNU 11.4.0
[0.400s] -- Detecting C compiler ABI info
[0.667s] -- Detecting C compiler ABI info - done
[0.687s] -- Check for working C compiler: /usr/bin/cc - skipped
[0.687s] -- Detecting C compile features
[0.692s] -- Detecting C compile features - done
[0.706s] -- Detecting CXX compiler ABI info
[0.995s] -- Detecting CXX compiler ABI info - done
[1.012s] -- Check for working CXX compiler: /usr/bin/c++ - skipped
[1.013s] -- Detecting CXX compile features
[1.014s] -- Detecting CXX compile features - done
[1.037s] -- Found ament_cmake: 1.3.12 (/opt/ros/humble/share/ament_cmake/cmake)
[1.586s] -- Found Python3: /usr/bin/python3 (found version "3.10.12") found components: Interpreter 
[2.072s] -- Found ament_lint_auto: 0.12.14 (/opt/ros/humble/share/ament_lint_auto/cmake)
[2.430s] -- Added test 'lint_cmake' to check CMake code style
[2.438s] -- Added test 'xmllint' to check XML markup files
[2.454s] -- Configuring done
[2.466s] -- Generating done
[2.471s] -- Build files have been written to: /home/rida/fakescience/build/arm_description
[2.489s] Invoked command in '/home/rida/fakescience/build/arm_description' returned '0': CMAKE_PREFIX_PATH=${CMAKE_PREFIX_PATH}:/home/rida/asimov_ws/install/rover_dashboard:/home/rida/asimov_ws/install/drive_bringup:/home/rida/asimov_ws/install/phidgets_hardware:/home/rida/asimov_ws/install/drive_description:/home/rida/asimov_ws/install/drive_control:/home/rida/asimov_ws Rida Test/install/rover_dashboard:/home/rida/asimov_ws Rida Test/install/drive_bringup:/home/rida/asimov_ws Rida Test/install/drive_control:/home/rida/ros2control/install/rqt_controller_manager:/home/rida/ros2control/install/ros2controlcli:/opt/ros/humble /usr/bin/cmake /home/rida/fakescience/src/tasc_arm/src/arm_description -DCMAKE_INSTALL_PREFIX=/home/rida/fakescience/install/arm_description
[2.490s] Invoking command in '/home/rida/fakescience/build/arm_description': CMAKE_PREFIX_PATH=${CMAKE_PREFIX_PATH}:/home/rida/asimov_ws/install/rover_dashboard:/home/rida/asimov_ws/install/drive_bringup:/home/rida/asimov_ws/install/phidgets_hardware:/home/rida/asimov_ws/install/drive_description:/home/rida/asimov_ws/install/drive_control:/home/rida/asimov_ws Rida Test/install/rover_dashboard:/home/rida/asimov_ws Rida Test/install/drive_bringup:/home/rida/asimov_ws Rida Test/install/drive_control:/home/rida/ros2control/install/rqt_controller_manager:/home/rida/ros2control/install/ros2controlcli:/opt/ros/humble /usr/bin/cmake --build /home/rida/fakescience/build/arm_description -- -j3 -l3
[2.629s] Invoked command in '/home/rida/fakescience/build/arm_description' returned '0': CMAKE_PREFIX_PATH=${CMAKE_PREFIX_PATH}:/home/rida/asimov_ws/install/rover_dashboard:/home/rida/asimov_ws/install/drive_bringup:/home/rida/asimov_ws/install/phidgets_hardware:/home/rida/asimov_ws/install/drive_description:/home/rida/asimov_ws/install/drive_control:/home/rida/asimov_ws Rida Test/install/rover_dashboard:/home/rida/asimov_ws Rida Test/install/drive_bringup:/home/rida/asimov_ws Rida Test/install/drive_control:/home/rida/ros2control/install/rqt_controller_manager:/home/rida/ros2control/install/ros2controlcli:/opt/ros/humble /usr/bin/cmake --build /home/rida/fakescience/build/arm_description -- -j3 -l3
[2.671s] Invoking command in '/home/rida/fakescience/build/arm_description': CMAKE_PREFIX_PATH=${CMAKE_PREFIX_PATH}:/home/rida/asimov_ws/install/rover_dashboard:/home/rida/asimov_ws/install/drive_bringup:/home/rida/asimov_ws/install/phidgets_hardware:/home/rida/asimov_ws/install/drive_description:/home/rida/asimov_ws/install/drive_control:/home/rida/asimov_ws Rida Test/install/rover_dashboard:/home/rida/asimov_ws Rida Test/install/drive_bringup:/home/rida/asimov_ws Rida Test/install/drive_control:/home/rida/ros2control/install/rqt_controller_manager:/home/rida/ros2control/install/ros2controlcli:/opt/ros/humble /usr/bin/cmake --install /home/rida/fakescience/build/arm_description
[2.702s] -- Install configuration: ""
[2.704s] -- Installing: /home/rida/fakescience/install/arm_description/share/arm_description/urdf
[2.704s] -- Installing: /home/rida/fakescience/install/arm_description/share/arm_description/urdf/mini_arm.urdf
[2.708s] -- Installing: /home/rida/fakescience/install/arm_description/share/arm_description/meshes
[2.709s] -- Installing: /home/rida/fakescience/install/arm_description/share/arm_description/meshes/gear_left.STL
[2.713s] -- Installing: /home/rida/fakescience/install/arm_description/share/arm_description/meshes/anchor_right.STL
[2.716s] -- Installing: /home/rida/fakescience/install/arm_description/share/arm_description/meshes/base_link.STL
[3.029s] -- Installing: /home/rida/fakescience/install/arm_description/share/arm_description/meshes/wrist_Link.STL
[3.143s] -- Installing: /home/rida/fakescience/install/arm_description/share/arm_description/meshes/anchor_left.STL
[3.145s] -- Installing: /home/rida/fakescience/install/arm_description/share/arm_description/meshes/gear_right.STL
[3.160s] -- Installing: /home/rida/fakescience/install/arm_description/share/arm_description/meshes/finger_left.STL
[3.196s] -- Installing: /home/rida/fakescience/install/arm_description/share/arm_description/meshes/end_base.STL
[3.336s] -- Installing: /home/rida/fakescience/install/arm_description/share/arm_description/meshes/base_rotator.STL
[3.438s] -- Installing: /home/rida/fakescience/install/arm_description/share/arm_description/meshes/finger_right.STL
[3.490s] -- Installing: /home/rida/fakescience/install/arm_description/share/arm_description/meshes/shoulder_link.STL
[3.617s] -- Installing: /home/rida/fakescience/install/arm_description/share/arm_description/meshes/elbow_Link.STL
[4.007s] -- Installing: /home/rida/fakescience/install/arm_description/share/ament_index/resource_index/package_run_dependencies/arm_description
[4.007s] -- Installing: /home/rida/fakescience/install/arm_description/share/ament_index/resource_index/parent_prefix_path/arm_description
[4.007s] -- Installing: /home/rida/fakescience/install/arm_description/share/arm_description/environment/ament_prefix_path.sh
[4.008s] -- Installing: /home/rida/fakescience/install/arm_description/share/arm_description/environment/ament_prefix_path.dsv
[4.008s] -- Installing: /home/rida/fakescience/install/arm_description/share/arm_description/environment/path.sh
[4.008s] -- Installing: /home/rida/fakescience/install/arm_description/share/arm_description/environment/path.dsv
[4.008s] -- Installing: /home/rida/fakescience/install/arm_description/share/arm_description/local_setup.bash
[4.011s] -- Installing: /home/rida/fakescience/install/arm_description/share/arm_description/local_setup.sh
[4.011s] -- Installing: /home/rida/fakescience/install/arm_description/share/arm_description/local_setup.zsh
[4.011s] -- Installing: /home/rida/fakescience/install/arm_description/share/arm_description/local_setup.dsv
[4.013s] -- Installing: /home/rida/fakescience/install/arm_description/share/arm_description/package.dsv
[4.013s] -- Installing: /home/rida/fakescience/install/arm_description/share/ament_index/resource_index/packages/arm_description
[4.014s] -- Installing: /home/rida/fakescience/install/arm_description/share/arm_description/cmake/arm_descriptionConfig.cmake
[4.014s] -- Installing: /home/rida/fakescience/install/arm_description/share/arm_description/cmake/arm_descriptionConfig-version.cmake
[4.017s] -- Installing: /home/rida/fakescience/install/arm_description/share/arm_description/package.xml
[4.019s] Invoked command in '/home/rida/fakescience/build/arm_description' returned '0': CMAKE_PREFIX_PATH=${CMAKE_PREFIX_PATH}:/home/rida/asimov_ws/install/rover_dashboard:/home/rida/asimov_ws/install/drive_bringup:/home/rida/asimov_ws/install/phidgets_hardware:/home/rida/asimov_ws/install/drive_description:/home/rida/asimov_ws/install/drive_control:/home/rida/asimov_ws Rida Test/install/rover_dashboard:/home/rida/asimov_ws Rida Test/install/drive_bringup:/home/rida/asimov_ws Rida Test/install/drive_control:/home/rida/ros2control/install/rqt_controller_manager:/home/rida/ros2control/install/ros2controlcli:/opt/ros/humble /usr/bin/cmake --install /home/rida/fakescience/build/arm_description
